<?xml version="1.0" encoding="UTF-8"?>
<testsuite xmlns:xsi="http://www.w3.org/2001/XMLSchema-instance" xsi:noNamespaceSchemaLocation="https://maven.apache.org/surefire/maven-surefire-plugin/xsd/surefire-test-report.xsd" name="org.java.tester.CalculatorTest" time="0.283" tests="80" errors="0" skipped="40" failures="30">
  <properties>
[...]
</properties>
  <testcase name="getMulTest[1]" classname="org.java.tester.CalculatorTest" time="0.043">
    <failure message="Moltiplicazione tra float ==&gt; expected: &lt;1.6666666&gt; but was: &lt;15.0&gt;" type="org.opentest4j.AssertionFailedError"><![CDATA[org.opentest4j.AssertionFailedError: Moltiplicazione tra float ==> expected: <1.6666666> but was: <15.0>
	at org.java.tester.CalculatorTest.getMulTest(CalculatorTest.java:97)
]]></failure>
  </testcase>
  <testcase name="getMulTest[2]" classname="org.java.tester.CalculatorTest" time="0.002">
    <failure message="Moltiplicazione tra float ==&gt; expected: &lt;1.6666666&gt; but was: &lt;15.0&gt;" type="org.opentest4j.AssertionFailedError"><![CDATA[org.opentest4j.AssertionFailedError: Moltiplicazione tra float ==> expected: <1.6666666> but was: <15.0>
	at org.java.tester.CalculatorTest.getMulTest(CalculatorTest.java:97)
]]></failure>
  </testcase>
  <testcase name="getMulTest[3]" classname="org.java.tester.CalculatorTest" time="0.003">
    <failure message="Moltiplicazione tra float ==&gt; expected: &lt;1.6666666&gt; but was: &lt;15.0&gt;" type="org.opentest4j.AssertionFailedError"><![CDATA[org.opentest4j.AssertionFailedError: Moltiplicazione tra float ==> expected: <1.6666666> but was: <15.0>
	at org.java.tester.CalculatorTest.getMulTest(CalculatorTest.java:97)
]]></failure>
  </testcase>
  <testcase name="getMulTest[4]" classname="org.java.tester.CalculatorTest" time="0.002">
    <failure message="Moltiplicazione tra float ==&gt; expected: &lt;1.6666666&gt; but was: &lt;15.0&gt;" type="org.opentest4j.AssertionFailedError"><![CDATA[org.opentest4j.AssertionFailedError: Moltiplicazione tra float ==> expected: <1.6666666> but was: <15.0>
	at org.java.tester.CalculatorTest.getMulTest(CalculatorTest.java:97)
]]></failure>
  </testcase>
  <testcase name="getMulTest[5]" classname="org.java.tester.CalculatorTest" time="0">
    <failure message="Moltiplicazione tra float ==&gt; expected: &lt;1.6666666&gt; but was: &lt;15.0&gt;" type="org.opentest4j.AssertionFailedError"><![CDATA[org.opentest4j.AssertionFailedError: Moltiplicazione tra float ==> expected: <1.6666666> but was: <15.0>
	at org.java.tester.CalculatorTest.getMulTest(CalculatorTest.java:97)
]]></failure>
  </testcase>
  <testcase name="getMulTest[6]" classname="org.java.tester.CalculatorTest" time="0.002">
    <failure message="Moltiplicazione tra float ==&gt; expected: &lt;1.6666666&gt; but was: &lt;15.0&gt;" type="org.opentest4j.AssertionFailedError"><![CDATA[org.opentest4j.AssertionFailedError: Moltiplicazione tra float ==> expected: <1.6666666> but was: <15.0>
	at org.java.tester.CalculatorTest.getMulTest(CalculatorTest.java:97)
]]></failure>
  </testcase>
  <testcase name="getMulTest[7]" classname="org.java.tester.CalculatorTest" time="0.002">
    <failure message="Moltiplicazione tra float ==&gt; expected: &lt;1.6666666&gt; but was: &lt;15.0&gt;" type="org.opentest4j.AssertionFailedError"><![CDATA[org.opentest4j.AssertionFailedError: Moltiplicazione tra float ==> expected: <1.6666666> but was: <15.0>
	at org.java.tester.CalculatorTest.getMulTest(CalculatorTest.java:97)
]]></failure>
  </testcase>
  <testcase name="getMulTest[8]" classname="org.java.tester.CalculatorTest" time="0.003">
    <failure message="Moltiplicazione tra float ==&gt; expected: &lt;1.6666666&gt; but was: &lt;15.0&gt;" type="org.opentest4j.AssertionFailedError"><![CDATA[org.opentest4j.AssertionFailedError: Moltiplicazione tra float ==> expected: <1.6666666> but was: <15.0>
	at org.java.tester.CalculatorTest.getMulTest(CalculatorTest.java:97)
]]></failure>
  </testcase>
  <testcase name="getMulTest[9]" classname="org.java.tester.CalculatorTest" time="0">
    <failure message="Moltiplicazione tra float ==&gt; expected: &lt;1.6666666&gt; but was: &lt;15.0&gt;" type="org.opentest4j.AssertionFailedError"><![CDATA[org.opentest4j.AssertionFailedError: Moltiplicazione tra float ==> expected: <1.6666666> but was: <15.0>
	at org.java.tester.CalculatorTest.getMulTest(CalculatorTest.java:97)
]]></failure>
  </testcase>
  <testcase name="getMulTest[10]" classname="org.java.tester.CalculatorTest" time="0.001">
    <failure message="Moltiplicazione tra float ==&gt; expected: &lt;1.6666666&gt; but was: &lt;15.0&gt;" type="org.opentest4j.AssertionFailedError"><![CDATA[org.opentest4j.AssertionFailedError: Moltiplicazione tra float ==> expected: <1.6666666> but was: <15.0>
	at org.java.tester.CalculatorTest.getMulTest(CalculatorTest.java:97)
]]></failure>
  </testcase>
  <testcase name="getDivTest[1]" classname="org.java.tester.CalculatorTest" time="0.001"/>
  <testcase name="getDivTest[2]" classname="org.java.tester.CalculatorTest" time="0"/>
  <testcase name="getDivTest[3]" classname="org.java.tester.CalculatorTest" time="0.001"/>
  <testcase name="getDivTest[4]" classname="org.java.tester.CalculatorTest" time="0"/>
  <testcase name="getDivTest[5]" classname="org.java.tester.CalculatorTest" time="0"/>
  <testcase name="getDivTest[6]" classname="org.java.tester.CalculatorTest" time="0.002"/>
  <testcase name="getDivTest[7]" classname="org.java.tester.CalculatorTest" time="0.001"/>
  <testcase name="getDivTest[8]" classname="org.java.tester.CalculatorTest" time="0.001"/>
  <testcase name="getDivTest[9]" classname="org.java.tester.CalculatorTest" time="0.001"/>
  <testcase name="getDivTest[10]" classname="org.java.tester.CalculatorTest" time="0"/>
  <testcase name="getSubTest[1]" classname="org.java.tester.CalculatorTest" time="0.001">
    <failure message="Sottrazione tra float ==&gt; expected: &lt;1.6666666&gt; but was: &lt;2.0&gt;" type="org.opentest4j.AssertionFailedError"><![CDATA[org.opentest4j.AssertionFailedError: Sottrazione tra float ==> expected: <1.6666666> but was: <2.0>
	at org.java.tester.CalculatorTest.getSubTest(CalculatorTest.java:52)
]]></failure>
  </testcase>
  <testcase name="getSubTest[2]" classname="org.java.tester.CalculatorTest" time="0">
    <failure message="Sottrazione tra float ==&gt; expected: &lt;1.6666666&gt; but was: &lt;2.0&gt;" type="org.opentest4j.AssertionFailedError"><![CDATA[org.opentest4j.AssertionFailedError: Sottrazione tra float ==> expected: <1.6666666> but was: <2.0>
	at org.java.tester.CalculatorTest.getSubTest(CalculatorTest.java:52)
]]></failure>
  </testcase>
  <testcase name="getSubTest[3]" classname="org.java.tester.CalculatorTest" time="0.001">
    <failure message="Sottrazione tra float ==&gt; expected: &lt;1.6666666&gt; but was: &lt;2.0&gt;" type="org.opentest4j.AssertionFailedError"><![CDATA[org.opentest4j.AssertionFailedError: Sottrazione tra float ==> expected: <1.6666666> but was: <2.0>
	at org.java.tester.CalculatorTest.getSubTest(CalculatorTest.java:52)
]]></failure>
  </testcase>
  <testcase name="getSubTest[4]" classname="org.java.tester.CalculatorTest" time="0.001">
    <failure message="Sottrazione tra float ==&gt; expected: &lt;1.6666666&gt; but was: &lt;2.0&gt;" type="org.opentest4j.AssertionFailedError"><![CDATA[org.opentest4j.AssertionFailedError: Sottrazione tra float ==> expected: <1.6666666> but was: <2.0>
	at org.java.tester.CalculatorTest.getSubTest(CalculatorTest.java:52)
]]></failure>
  </testcase>
  <testcase name="getSubTest[5]" classname="org.java.tester.CalculatorTest" time="0">
    <failure message="Sottrazione tra float ==&gt; expected: &lt;1.6666666&gt; but was: &lt;2.0&gt;" type="org.opentest4j.AssertionFailedError"><![CDATA[org.opentest4j.AssertionFailedError: Sottrazione tra float ==> expected: <1.6666666> but was: <2.0>
	at org.java.tester.CalculatorTest.getSubTest(CalculatorTest.java:52)
]]></failure>
  </testcase>
  <testcase name="getSubTest[6]" classname="org.java.tester.CalculatorTest" time="0">
    <failure message="Sottrazione tra float ==&gt; expected: &lt;1.6666666&gt; but was: &lt;2.0&gt;" type="org.opentest4j.AssertionFailedError"><![CDATA[org.opentest4j.AssertionFailedError: Sottrazione tra float ==> expected: <1.6666666> but was: <2.0>
	at org.java.tester.CalculatorTest.getSubTest(CalculatorTest.java:52)
]]></failure>
  </testcase>
  <testcase name="getSubTest[7]" classname="org.java.tester.CalculatorTest" time="0.001">
    <failure message="Sottrazione tra float ==&gt; expected: &lt;1.6666666&gt; but was: &lt;2.0&gt;" type="org.opentest4j.AssertionFailedError"><![CDATA[org.opentest4j.AssertionFailedError: Sottrazione tra float ==> expected: <1.6666666> but was: <2.0>
	at org.java.tester.CalculatorTest.getSubTest(CalculatorTest.java:52)
]]></failure>
  </testcase>
  <testcase name="getSubTest[8]" classname="org.java.tester.CalculatorTest" time="0.001">
    <failure message="Sottrazione tra float ==&gt; expected: &lt;1.6666666&gt; but was: &lt;2.0&gt;" type="org.opentest4j.AssertionFailedError"><![CDATA[org.opentest4j.AssertionFailedError: Sottrazione tra float ==> expected: <1.6666666> but was: <2.0>
	at org.java.tester.CalculatorTest.getSubTest(CalculatorTest.java:52)
]]></failure>
  </testcase>
  <testcase name="getSubTest[9]" classname="org.java.tester.CalculatorTest" time="0">
    <failure message="Sottrazione tra float ==&gt; expected: &lt;1.6666666&gt; but was: &lt;2.0&gt;" type="org.opentest4j.AssertionFailedError"><![CDATA[org.opentest4j.AssertionFailedError: Sottrazione tra float ==> expected: <1.6666666> but was: <2.0>
	at org.java.tester.CalculatorTest.getSubTest(CalculatorTest.java:52)
]]></failure>
  </testcase>
  <testcase name="getSubTest[10]" classname="org.java.tester.CalculatorTest" time="0.001">
    <failure message="Sottrazione tra float ==&gt; expected: &lt;1.6666666&gt; but was: &lt;2.0&gt;" type="org.opentest4j.AssertionFailedError"><![CDATA[org.opentest4j.AssertionFailedError: Sottrazione tra float ==> expected: <1.6666666> but was: <2.0>
	at org.java.tester.CalculatorTest.getSubTest(CalculatorTest.java:52)
]]></failure>
  </testcase>
  <testcase name="getAddTest[1]" classname="org.java.tester.CalculatorTest" time="0.001">
    <failure message="Somma tra float ==&gt; expected: &lt;1.6666666&gt; but was: &lt;8.0&gt;" type="org.opentest4j.AssertionFailedError"><![CDATA[org.opentest4j.AssertionFailedError: Somma tra float ==> expected: <1.6666666> but was: <8.0>
	at org.java.tester.CalculatorTest.getAddTest(CalculatorTest.java:30)
]]></failure>
  </testcase>
  <testcase name="getAddTest[2]" classname="org.java.tester.CalculatorTest" time="0.001">
    <failure message="Somma tra float ==&gt; expected: &lt;1.6666666&gt; but was: &lt;8.0&gt;" type="org.opentest4j.AssertionFailedError"><![CDATA[org.opentest4j.AssertionFailedError: Somma tra float ==> expected: <1.6666666> but was: <8.0>
	at org.java.tester.CalculatorTest.getAddTest(CalculatorTest.java:30)
]]></failure>
  </testcase>
  <testcase name="getAddTest[3]" classname="org.java.tester.CalculatorTest" time="0">
    <failure message="Somma tra float ==&gt; expected: &lt;1.6666666&gt; but was: &lt;8.0&gt;" type="org.opentest4j.AssertionFailedError"><![CDATA[org.opentest4j.AssertionFailedError: Somma tra float ==> expected: <1.6666666> but was: <8.0>
	at org.java.tester.CalculatorTest.getAddTest(CalculatorTest.java:30)
]]></failure>
  </testcase>
  <testcase name="getAddTest[4]" classname="org.java.tester.CalculatorTest" time="0.001">
    <failure message="Somma tra float ==&gt; expected: &lt;1.6666666&gt; but was: &lt;8.0&gt;" type="org.opentest4j.AssertionFailedError"><![CDATA[org.opentest4j.AssertionFailedError: Somma tra float ==> expected: <1.6666666> but was: <8.0>
	at org.java.tester.CalculatorTest.getAddTest(CalculatorTest.java:30)
]]></failure>
  </testcase>
  <testcase name="getAddTest[5]" classname="org.java.tester.CalculatorTest" time="0.001">
    <failure message="Somma tra float ==&gt; expected: &lt;1.6666666&gt; but was: &lt;8.0&gt;" type="org.opentest4j.AssertionFailedError"><![CDATA[org.opentest4j.AssertionFailedError: Somma tra float ==> expected: <1.6666666> but was: <8.0>
	at org.java.tester.CalculatorTest.getAddTest(CalculatorTest.java:30)
]]></failure>
  </testcase>
  <testcase name="getAddTest[6]" classname="org.java.tester.CalculatorTest" time="0.001">
    <failure message="Somma tra float ==&gt; expected: &lt;1.6666666&gt; but was: &lt;8.0&gt;" type="org.opentest4j.AssertionFailedError"><![CDATA[org.opentest4j.AssertionFailedError: Somma tra float ==> expected: <1.6666666> but was: <8.0>
	at org.java.tester.CalculatorTest.getAddTest(CalculatorTest.java:30)
]]></failure>
  </testcase>
  <testcase name="getAddTest[7]" classname="org.java.tester.CalculatorTest" time="0.001">
    <failure message="Somma tra float ==&gt; expected: &lt;1.6666666&gt; but was: &lt;8.0&gt;" type="org.opentest4j.AssertionFailedError"><![CDATA[org.opentest4j.AssertionFailedError: Somma tra float ==> expected: <1.6666666> but was: <8.0>
	at org.java.tester.CalculatorTest.getAddTest(CalculatorTest.java:30)
]]></failure>
  </testcase>
  <testcase name="getAddTest[8]" classname="org.java.tester.CalculatorTest" time="0.002">
    <failure message="Somma tra float ==&gt; expected: &lt;1.6666666&gt; but was: &lt;8.0&gt;" type="org.opentest4j.AssertionFailedError"><![CDATA[org.opentest4j.AssertionFailedError: Somma tra float ==> expected: <1.6666666> but was: <8.0>
	at org.java.tester.CalculatorTest.getAddTest(CalculatorTest.java:30)
]]></failure>
  </testcase>
  <testcase name="getAddTest[9]" classname="org.java.tester.CalculatorTest" time="0.001">
    <failure message="Somma tra float ==&gt; expected: &lt;1.6666666&gt; but was: &lt;8.0&gt;" type="org.opentest4j.AssertionFailedError"><![CDATA[org.opentest4j.AssertionFailedError: Somma tra float ==> expected: <1.6666666> but was: <8.0>
	at org.java.tester.CalculatorTest.getAddTest(CalculatorTest.java:30)
]]></failure>
  </testcase>
  <testcase name="getAddTest[10]" classname="org.java.tester.CalculatorTest" time="0.001">
    <failure message="Somma tra float ==&gt; expected: &lt;1.6666666&gt; but was: &lt;8.0&gt;" type="org.opentest4j.AssertionFailedError"><![CDATA[org.opentest4j.AssertionFailedError: Somma tra float ==> expected: <1.6666666> but was: <8.0>
	at org.java.tester.CalculatorTest.getAddTest(CalculatorTest.java:30)
]]></failure>
  </testcase>
  <testcase name="getAddExcTest[1]" classname="org.java.tester.CalculatorTest" time="0">
    <skipped message="Assumption failed: assumption is not true" type="org.opentest4j.TestAbortedException">org.opentest4j.TestAbortedException: Assumption failed: assumption is not true
	at org.java.tester.CalculatorTest.getAddExcTest(CalculatorTest.java:36)
</skipped>
  </testcase>
  <testcase name="getAddExcTest[2]" classname="org.java.tester.CalculatorTest" time="0">
    <skipped message="Assumption failed: assumption is not true" type="org.opentest4j.TestAbortedException">org.opentest4j.TestAbortedException: Assumption failed: assumption is not true
	at org.java.tester.CalculatorTest.getAddExcTest(CalculatorTest.java:36)
</skipped>
  </testcase>
  <testcase name="getAddExcTest[3]" classname="org.java.tester.CalculatorTest" time="0">
    <skipped message="Assumption failed: assumption is not true" type="org.opentest4j.TestAbortedException">org.opentest4j.TestAbortedException: Assumption failed: assumption is not true
	at org.java.tester.CalculatorTest.getAddExcTest(CalculatorTest.java:36)
</skipped>
  </testcase>
  <testcase name="getAddExcTest[4]" classname="org.java.tester.CalculatorTest" time="0">
    <skipped message="Assumption failed: assumption is not true" type="org.opentest4j.TestAbortedException">org.opentest4j.TestAbortedException: Assumption failed: assumption is not true
	at org.java.tester.CalculatorTest.getAddExcTest(CalculatorTest.java:36)
</skipped>
  </testcase>
  <testcase name="getAddExcTest[5]" classname="org.java.tester.CalculatorTest" time="0">
    <skipped message="Assumption failed: assumption is not true" type="org.opentest4j.TestAbortedException">org.opentest4j.TestAbortedException: Assumption failed: assumption is not true
	at org.java.tester.CalculatorTest.getAddExcTest(CalculatorTest.java:36)
</skipped>
  </testcase>
  <testcase name="getAddExcTest[6]" classname="org.java.tester.CalculatorTest" time="0">
    <skipped message="Assumption failed: assumption is not true" type="org.opentest4j.TestAbortedException">org.opentest4j.TestAbortedException: Assumption failed: assumption is not true
	at org.java.tester.CalculatorTest.getAddExcTest(CalculatorTest.java:36)
</skipped>
  </testcase>
  <testcase name="getAddExcTest[7]" classname="org.java.tester.CalculatorTest" time="0">
    <skipped message="Assumption failed: assumption is not true" type="org.opentest4j.TestAbortedException">org.opentest4j.TestAbortedException: Assumption failed: assumption is not true
	at org.java.tester.CalculatorTest.getAddExcTest(CalculatorTest.java:36)
</skipped>
  </testcase>
  <testcase name="getAddExcTest[8]" classname="org.java.tester.CalculatorTest" time="0">
    <skipped message="Assumption failed: assumption is not true" type="org.opentest4j.TestAbortedException">org.opentest4j.TestAbortedException: Assumption failed: assumption is not true
	at org.java.tester.CalculatorTest.getAddExcTest(CalculatorTest.java:36)
</skipped>
  </testcase>
  <testcase name="getAddExcTest[9]" classname="org.java.tester.CalculatorTest" time="0">
    <skipped message="Assumption failed: assumption is not true" type="org.opentest4j.TestAbortedException">org.opentest4j.TestAbortedException: Assumption failed: assumption is not true
	at org.java.tester.CalculatorTest.getAddExcTest(CalculatorTest.java:36)
</skipped>
  </testcase>
  <testcase name="getAddExcTest[10]" classname="org.java.tester.CalculatorTest" time="0">
    <skipped message="Assumption failed: assumption is not true" type="org.opentest4j.TestAbortedException">org.opentest4j.TestAbortedException: Assumption failed: assumption is not true
	at org.java.tester.CalculatorTest.getAddExcTest(CalculatorTest.java:36)
</skipped>
  </testcase>
  <testcase name="getDivExcTest[1]" classname="org.java.tester.CalculatorTest" time="0">
    <skipped message="Assumption failed: assumption is not true" type="org.opentest4j.TestAbortedException">org.opentest4j.TestAbortedException: Assumption failed: assumption is not true
	at org.java.tester.CalculatorTest.getDivExcTest(CalculatorTest.java:81)
</skipped>
  </testcase>
  <testcase name="getDivExcTest[2]" classname="org.java.tester.CalculatorTest" time="0">
    <skipped message="Assumption failed: assumption is not true" type="org.opentest4j.TestAbortedException">org.opentest4j.TestAbortedException: Assumption failed: assumption is not true
	at org.java.tester.CalculatorTest.getDivExcTest(CalculatorTest.java:81)
</skipped>
  </testcase>
  <testcase name="getDivExcTest[3]" classname="org.java.tester.CalculatorTest" time="0">
    <skipped message="Assumption failed: assumption is not true" type="org.opentest4j.TestAbortedException">org.opentest4j.TestAbortedException: Assumption failed: assumption is not true
	at org.java.tester.CalculatorTest.getDivExcTest(CalculatorTest.java:81)
</skipped>
  </testcase>
  <testcase name="getDivExcTest[4]" classname="org.java.tester.CalculatorTest" time="0">
    <skipped message="Assumption failed: assumption is not true" type="org.opentest4j.TestAbortedException">org.opentest4j.TestAbortedException: Assumption failed: assumption is not true
	at org.java.tester.CalculatorTest.getDivExcTest(CalculatorTest.java:81)
</skipped>
  </testcase>
  <testcase name="getDivExcTest[5]" classname="org.java.tester.CalculatorTest" time="0">
    <skipped message="Assumption failed: assumption is not true" type="org.opentest4j.TestAbortedException">org.opentest4j.TestAbortedException: Assumption failed: assumption is not true
	at org.java.tester.CalculatorTest.getDivExcTest(CalculatorTest.java:81)
</skipped>
  </testcase>
  <testcase name="getDivExcTest[6]" classname="org.java.tester.CalculatorTest" time="0">
    <skipped message="Assumption failed: assumption is not true" type="org.opentest4j.TestAbortedException">org.opentest4j.TestAbortedException: Assumption failed: assumption is not true
	at org.java.tester.CalculatorTest.getDivExcTest(CalculatorTest.java:81)
</skipped>
  </testcase>
  <testcase name="getDivExcTest[7]" classname="org.java.tester.CalculatorTest" time="0">
    <skipped message="Assumption failed: assumption is not true" type="org.opentest4j.TestAbortedException">org.opentest4j.TestAbortedException: Assumption failed: assumption is not true
	at org.java.tester.CalculatorTest.getDivExcTest(CalculatorTest.java:81)
</skipped>
  </testcase>
  <testcase name="getDivExcTest[8]" classname="org.java.tester.CalculatorTest" time="0">
    <skipped message="Assumption failed: assumption is not true" type="org.opentest4j.TestAbortedException">org.opentest4j.TestAbortedException: Assumption failed: assumption is not true
	at org.java.tester.CalculatorTest.getDivExcTest(CalculatorTest.java:81)
</skipped>
  </testcase>
  <testcase name="getDivExcTest[9]" classname="org.java.tester.CalculatorTest" time="0">
    <skipped message="Assumption failed: assumption is not true" type="org.opentest4j.TestAbortedException">org.opentest4j.TestAbortedException: Assumption failed: assumption is not true
	at org.java.tester.CalculatorTest.getDivExcTest(CalculatorTest.java:81)
</skipped>
  </testcase>
  <testcase name="getDivExcTest[10]" classname="org.java.tester.CalculatorTest" time="0">
    <skipped message="Assumption failed: assumption is not true" type="org.opentest4j.TestAbortedException">org.opentest4j.TestAbortedException: Assumption failed: assumption is not true
	at org.java.tester.CalculatorTest.getDivExcTest(CalculatorTest.java:81)
</skipped>
  </testcase>
  <testcase name="getDMulExcTest[1]" classname="org.java.tester.CalculatorTest" time="0">
    <skipped message="Assumption failed: assumption is not true" type="org.opentest4j.TestAbortedException">org.opentest4j.TestAbortedException: Assumption failed: assumption is not true
	at org.java.tester.CalculatorTest.getDMulExcTest(CalculatorTest.java:103)
</skipped>
  </testcase>
  <testcase name="getDMulExcTest[2]" classname="org.java.tester.CalculatorTest" time="0">
    <skipped message="Assumption failed: assumption is not true" type="org.opentest4j.TestAbortedException">org.opentest4j.TestAbortedException: Assumption failed: assumption is not true
	at org.java.tester.CalculatorTest.getDMulExcTest(CalculatorTest.java:103)
</skipped>
  </testcase>
  <testcase name="getDMulExcTest[3]" classname="org.java.tester.CalculatorTest" time="0">
    <skipped message="Assumption failed: assumption is not true" type="org.opentest4j.TestAbortedException">org.opentest4j.TestAbortedException: Assumption failed: assumption is not true
	at org.java.tester.CalculatorTest.getDMulExcTest(CalculatorTest.java:103)
</skipped>
  </testcase>
  <testcase name="getDMulExcTest[4]" classname="org.java.tester.CalculatorTest" time="0">
    <skipped message="Assumption failed: assumption is not true" type="org.opentest4j.TestAbortedException">org.opentest4j.TestAbortedException: Assumption failed: assumption is not true
	at org.java.tester.CalculatorTest.getDMulExcTest(CalculatorTest.java:103)
</skipped>
  </testcase>
  <testcase name="getDMulExcTest[5]" classname="org.java.tester.CalculatorTest" time="0">
    <skipped message="Assumption failed: assumption is not true" type="org.opentest4j.TestAbortedException">org.opentest4j.TestAbortedException: Assumption failed: assumption is not true
	at org.java.tester.CalculatorTest.getDMulExcTest(CalculatorTest.java:103)
</skipped>
  </testcase>
  <testcase name="getDMulExcTest[6]" classname="org.java.tester.CalculatorTest" time="0">
    <skipped message="Assumption failed: assumption is not true" type="org.opentest4j.TestAbortedException">org.opentest4j.TestAbortedException: Assumption failed: assumption is not true
	at org.java.tester.CalculatorTest.getDMulExcTest(CalculatorTest.java:103)
</skipped>
  </testcase>
  <testcase name="getDMulExcTest[7]" classname="org.java.tester.CalculatorTest" time="0">
    <skipped message="Assumption failed: assumption is not true" type="org.opentest4j.TestAbortedException">org.opentest4j.TestAbortedException: Assumption failed: assumption is not true
	at org.java.tester.CalculatorTest.getDMulExcTest(CalculatorTest.java:103)
</skipped>
  </testcase>
  <testcase name="getDMulExcTest[8]" classname="org.java.tester.CalculatorTest" time="0">
    <skipped message="Assumption failed: assumption is not true" type="org.opentest4j.TestAbortedException">org.opentest4j.TestAbortedException: Assumption failed: assumption is not true
	at org.java.tester.CalculatorTest.getDMulExcTest(CalculatorTest.java:103)
</skipped>
  </testcase>
  <testcase name="getDMulExcTest[9]" classname="org.java.tester.CalculatorTest" time="0">
    <skipped message="Assumption failed: assumption is not true" type="org.opentest4j.TestAbortedException">org.opentest4j.TestAbortedException: Assumption failed: assumption is not true
	at org.java.tester.CalculatorTest.getDMulExcTest(CalculatorTest.java:103)
</skipped>
  </testcase>
  <testcase name="getDMulExcTest[10]" classname="org.java.tester.CalculatorTest" time="0">
    <skipped message="Assumption failed: assumption is not true" type="org.opentest4j.TestAbortedException">org.opentest4j.TestAbortedException: Assumption failed: assumption is not true
	at org.java.tester.CalculatorTest.getDMulExcTest(CalculatorTest.java:103)
</skipped>
  </testcase>
  <testcase name="getSubExcTest[1]" classname="org.java.tester.CalculatorTest" time="0">
    <skipped message="Assumption failed: assumption is not true" type="org.opentest4j.TestAbortedException">org.opentest4j.TestAbortedException: Assumption failed: assumption is not true
	at org.java.tester.CalculatorTest.getSubExcTest(CalculatorTest.java:58)
</skipped>
  </testcase>
  <testcase name="getSubExcTest[2]" classname="org.java.tester.CalculatorTest" time="0">
    <skipped message="Assumption failed: assumption is not true" type="org.opentest4j.TestAbortedException">org.opentest4j.TestAbortedException: Assumption failed: assumption is not true
	at org.java.tester.CalculatorTest.getSubExcTest(CalculatorTest.java:58)
</skipped>
  </testcase>
  <testcase name="getSubExcTest[3]" classname="org.java.tester.CalculatorTest" time="0">
    <skipped message="Assumption failed: assumption is not true" type="org.opentest4j.TestAbortedException">org.opentest4j.TestAbortedException: Assumption failed: assumption is not true
	at org.java.tester.CalculatorTest.getSubExcTest(CalculatorTest.java:58)
</skipped>
  </testcase>
  <testcase name="getSubExcTest[4]" classname="org.java.tester.CalculatorTest" time="0">
    <skipped message="Assumption failed: assumption is not true" type="org.opentest4j.TestAbortedException">org.opentest4j.TestAbortedException: Assumption failed: assumption is not true
	at org.java.tester.CalculatorTest.getSubExcTest(CalculatorTest.java:58)
</skipped>
  </testcase>
  <testcase name="getSubExcTest[5]" classname="org.java.tester.CalculatorTest" time="0">
    <skipped message="Assumption failed: assumption is not true" type="org.opentest4j.TestAbortedException">org.opentest4j.TestAbortedException: Assumption failed: assumption is not true
	at org.java.tester.CalculatorTest.getSubExcTest(CalculatorTest.java:58)
</skipped>
  </testcase>
  <testcase name="getSubExcTest[6]" classname="org.java.tester.CalculatorTest" time="0">
    <skipped message="Assumption failed: assumption is not true" type="org.opentest4j.TestAbortedException">org.opentest4j.TestAbortedException: Assumption failed: assumption is not true
	at org.java.tester.CalculatorTest.getSubExcTest(CalculatorTest.java:58)
</skipped>
  </testcase>
  <testcase name="getSubExcTest[7]" classname="org.java.tester.CalculatorTest" time="0">
    <skipped message="Assumption failed: assumption is not true" type="org.opentest4j.TestAbortedException">org.opentest4j.TestAbortedException: Assumption failed: assumption is not true
	at org.java.tester.CalculatorTest.getSubExcTest(CalculatorTest.java:58)
</skipped>
  </testcase>
  <testcase name="getSubExcTest[8]" classname="org.java.tester.CalculatorTest" time="0">
    <skipped message="Assumption failed: assumption is not true" type="org.opentest4j.TestAbortedException">org.opentest4j.TestAbortedException: Assumption failed: assumption is not true
	at org.java.tester.CalculatorTest.getSubExcTest(CalculatorTest.java:58)
</skipped>
  </testcase>
  <testcase name="getSubExcTest[9]" classname="org.java.tester.CalculatorTest" time="0">
    <skipped message="Assumption failed: assumption is not true" type="org.opentest4j.TestAbortedException">org.opentest4j.TestAbortedException: Assumption failed: assumption is not true
	at org.java.tester.CalculatorTest.getSubExcTest(CalculatorTest.java:58)
</skipped>
  </testcase>
  <testcase name="getSubExcTest[10]" classname="org.java.tester.CalculatorTest" time="0">
    <skipped message="Assumption failed: assumption is not true" type="org.opentest4j.TestAbortedException">org.opentest4j.TestAbortedException: Assumption failed: assumption is not true
	at org.java.tester.CalculatorTest.getSubExcTest(CalculatorTest.java:58)
</skipped>
  </testcase>
</testsuite>